<?xml version="1.0" encoding="UTF-8"?>
<testng-results skipped="0" failed="0" total="1" passed="1">
  <reporter-output>
  </reporter-output>
  <suite name="Suite" duration-ms="14657" started-at="2017-07-25T13:41:36Z" finished-at="2017-07-25T13:41:51Z">
    <groups>
    </groups>
    <test name="Test" duration-ms="14657" started-at="2017-07-25T13:41:36Z" finished-at="2017-07-25T13:41:51Z">
      <class name="facebookArtifactID.LoginClass">
        <test-method status="PASS" signature="facebookLogisnProcedure()[pri:0, instance:facebookArtifactID.LoginClass@79b4d0f]" name="facebookLogisnProcedure" duration-ms="14636" started-at="2017-07-25T19:11:36Z" finished-at="2017-07-25T19:11:51Z">
          <reporter-output>
          </reporter-output>
        </test-method> <!-- facebookLogisnProcedure -->
      </class> <!-- facebookArtifactID.LoginClass -->
    </test> <!-- Test -->
  </suite> <!-- Suite -->
</testng-results>
