<?xml version="1.0" encoding="UTF-8"?>
<testng-results skipped="0" failed="0" total="1" passed="1">
  <reporter-output>
  </reporter-output>
  <suite name="Default suite" duration-ms="70" started-at="2017-07-21T09:41:52Z" finished-at="2017-07-21T09:41:52Z">
    <groups>
    </groups>
    <test name="Default test" duration-ms="70" started-at="2017-07-21T09:41:52Z" finished-at="2017-07-21T09:41:52Z">
      <class name="facebookArtifactID.BootStrapDropDown">
        <test-method status="PASS" signature="fg()[pri:0, instance:facebookArtifactID.BootStrapDropDown@1810399e]" name="fg" duration-ms="16" started-at="2017-07-21T15:11:52Z" finished-at="2017-07-21T15:11:52Z">
          <reporter-output>
          </reporter-output>
        </test-method> <!-- fg -->
      </class> <!-- facebookArtifactID.BootStrapDropDown -->
    </test> <!-- Default test -->
  </suite> <!-- Default suite -->
</testng-results>
